
ROM used: 93 (1%)
          93 (1%) including unused fragments

          0 Average locations per line
          9 Average locations per statement

RAM used: 8 (2%) at main() level
          9 (2%) worst case

Stack used: 1 worst case (out of 8 total available)

Lines Stmts  %   Files
----- ----- ---  -----
   19    10 100  dongcobuoc.c
  313     0   0  16f877a.h
  184     0   0  def_877a.h
----- -----
  516    10 Total

Page ROM  %  RAM   Vol Diff  Functions:
---- --- --- ---   --- ----  ----------
0     21  23   1             @delay_ms1
0     20  22   1             @delay_us1
0     48  52   1   221  4.1  main

Program metrics:
    Functions               1
    Statements              10
    Comments                86
    Volume (V)              225
    Difficilty (D)          3.7
    Effort to implement (E) 836
    Time to implement (T)   1 minutes
    Est Delivered Bugs (B)  0
    Cyclomatic Complexity   1
    Maintainability (MI)    154

 Segment     Used  Free
-----------  ----  ----
00000-00003     4  0  
00004-007FF    89  1955  
00800-00FFF     0  2048  
01000-017FF     0  2048  
01800-01FFF     0  2048  



