
ROM used: 1252 (15%)
          1252 (15%) including unused fragments

          2 Average locations per line
          14 Average locations per statement

RAM used: 12 (3%) at main() level
          37 (10%) worst case

Stack used: 5 worst case (out of 8 total available)

Lines Stmts  %   Files
----- ----- ---  -----
   56    29  32  main.c
  313     0   0  16f877a.h
  184     0   0  def_877a.h
  180    63  68  lcd.c
----- -----
  733    92 Total

Page ROM  %  RAM   Vol Diff  Functions:
---- --- --- ---   --- ----  ----------
0     21   2   1             @delay_ms1
0      8   1   0   130  2.0  @const200
 Inline        3   463  4.3  lcd_read_byte
0     12   1   1   134  2.2  lcd_send_nibble
0     58   5   3   317  4.3  lcd_send_byte
0     44   4   2   422  4.7  lcd_init
0     18   1   4   186  5.5  lcd_gotoxy
0     37   3   1   272  4.1  lcd_putc
0    168  13   6   959  4.7  MAIN
0     21   2   0             @const231
0     21   2   3             @DIV88
0     55   4   2             @PRINTF_U_220
0    323  26  16             @ADDFF
 Inline       13             @MULFF
 Inline        5             @FTOSD
0     66   5  13             @DIV3232
0    348  28  13             @PRINTF_L32D_220FPFPF
0     20   2   0             @const253
0     20   2   0             @const254
0      8   1   0    47  1.5  clear_lcd

Program metrics:
    Functions               9
    Statements              92
    Comments                141
    Volume (V)              4504
    Difficilty (D)          32.2
    Effort to implement (E) 144986
    Time to implement (T)   2 hours, 14 minutes
    Est Delivered Bugs (B)  1
    Cyclomatic Complexity   9
    Maintainability (MI)    93

 Segment     Used  Free
-----------  ----  ----
00000-00003     4  0  
00004-007FF  1248  796  
00800-00FFF     0  2048  
01000-017FF     0  2048  
01800-01FFF     0  2048  



